<?xml version="1.0" encoding="UTF-8"?>
<!-- Generated by org.testng.reporters.JUnitReportReporter -->
<testsuite hostname="LAPTOP-GF6P7NTR" failures="0" tests="3" name="testNGConcepts.Test1" time="0.009" errors="0" timestamp="2022-06-23T08:18:44 IST" skipped="0">
  <testcase classname="testNGConcepts.Test1" name="method2" time="0.006"/>
  <system-out/>
  <testcase classname="testNGConcepts.Test1" name="method5" time="0.002"/>
  <system-out/>
  <testcase classname="testNGConcepts.Test1" name="method1" time="0.001"/>
  <system-out/>
</testsuite> <!-- testNGConcepts.Test1 -->
